<?xml version="1.0" encoding="UTF-8"?>
<testng-results ignored="0" total="1" passed="1" failed="0" skipped="0">
  <reporter-output>
  </reporter-output>
  <suite started-at="2025-02-13T11:16:45 IST" name="Default suite" finished-at="2025-02-13T11:16:51 IST" duration-ms="5541">
    <groups>
    </groups>
    <test started-at="2025-02-13T11:16:45 IST" name="Default test" finished-at="2025-02-13T11:16:51 IST" duration-ms="5541">
      <class name="qa.OauthAllValidation.FormAuthentication">
        <test-method signature="basic_auth_form_API_Test()[pri:0, instance:qa.OauthAllValidation.FormAuthentication@7526515b]" started-at="2025-02-13T11:16:45 IST" name="basic_auth_form_API_Test" finished-at="2025-02-13T11:16:51 IST" duration-ms="5514" status="PASS">
          <reporter-output>
          </reporter-output>
        </test-method> <!-- basic_auth_form_API_Test -->
      </class> <!-- qa.OauthAllValidation.FormAuthentication -->
    </test> <!-- Default test -->
  </suite> <!-- Default suite -->
</testng-results>
